TN:
SF:src\Board.js
FN:7,(anonymous_0)
FN:18,(anonymous_1)
FN:33,(anonymous_2)
FN:76,(anonymous_3)
FN:93,(anonymous_4)
FN:128,(anonymous_5)
FN:129,(anonymous_6)
FN:138,(anonymous_7)
FN:150,(anonymous_8)
FNF:9
FNH:9
FNDA:63,(anonymous_0)
FNDA:63,(anonymous_1)
FNDA:48,(anonymous_2)
FNDA:95,(anonymous_3)
FNDA:17,(anonymous_4)
FNDA:14,(anonymous_5)
FNDA:29,(anonymous_6)
FNDA:12,(anonymous_7)
FNDA:3,(anonymous_8)
DA:8,63
DA:9,63
DA:10,63
DA:11,63
DA:12,63
DA:19,63
DA:20,330
DA:21,330
DA:22,1800
DA:34,48
DA:36,48
DA:37,97
DA:40,97
DA:41,54
DA:42,54
DA:44,43
DA:45,43
DA:48,97
DA:49,97
DA:52,97
DA:53,202
DA:54,202
DA:55,202
DA:57,202
DA:58,0
DA:59,0
DA:62,202
DA:63,2
DA:64,2
DA:67,200
DA:70,97
DA:72,95
DA:73,95
DA:75,95
DA:76,46
DA:77,95
DA:78,95
DA:79,95
DA:83,95
DA:94,17
DA:95,2
DA:98,15
DA:99,15
DA:100,15
DA:103,15
DA:104,24
DA:105,4
DA:106,0
DA:109,4
DA:110,4
DA:112,4
DA:120,11
DA:121,11
DA:129,29
DA:139,12
DA:140,4
DA:142,8
DA:143,8
DA:151,3
LF:59
LH:56
BRDA:7,0,0,1
BRDA:33,1,0,0
BRDA:37,2,0,54
BRDA:37,2,1,43
BRDA:40,3,0,54
BRDA:40,3,1,43
BRDA:53,4,0,114
BRDA:53,4,1,88
BRDA:54,5,0,114
BRDA:54,5,1,88
BRDA:57,6,0,0
BRDA:57,6,1,202
BRDA:57,7,0,202
BRDA:57,7,1,202
BRDA:62,8,0,2
BRDA:62,8,1,200
BRDA:70,9,0,95
BRDA:70,9,1,2
BRDA:75,10,0,46
BRDA:75,10,1,49
BRDA:94,11,0,2
BRDA:94,11,1,15
BRDA:104,12,0,4
BRDA:104,12,1,20
BRDA:105,13,0,0
BRDA:105,13,1,4
BRDA:139,14,0,4
BRDA:139,14,1,8
BRDA:139,15,0,12
BRDA:139,15,1,11
BRDA:139,15,2,10
BRDA:139,15,3,9
BRF:32
BRH:29
end_of_record
TN:
SF:src\CPU.js
FN:5,(anonymous_0)
FN:17,(anonymous_1)
FN:58,(anonymous_2)
FN:85,(anonymous_3)
FN:109,(anonymous_4)
FN:121,(anonymous_5)
FN:129,(anonymous_6)
FNF:7
FNH:4
FNDA:22,(anonymous_0)
FNDA:4,(anonymous_1)
FNDA:4,(anonymous_2)
FNDA:0,(anonymous_3)
FNDA:0,(anonymous_4)
FNDA:3,(anonymous_5)
FNDA:0,(anonymous_6)
DA:6,22
DA:7,22
DA:8,22
DA:9,22
DA:19,4
DA:21,4
DA:22,4
DA:24,0
DA:25,0
DA:26,0
DA:28,0
DA:29,0
DA:30,0
DA:32,0
DA:36,4
DA:37,4
DA:38,4
DA:39,4
DA:41,4
DA:42,0
DA:46,4
DA:49,4
DA:50,4
DA:59,4
DA:60,4
DA:62,4
DA:63,0
DA:65,0
DA:66,0
DA:69,0
DA:70,0
DA:74,4
DA:75,0
DA:86,0
DA:93,0
DA:94,0
DA:95,0
DA:96,0
DA:97,0
DA:110,0
DA:111,0
DA:113,0
DA:114,0
DA:122,3
DA:130,0
LF:45
LH:20
BRDA:5,0,0,0
BRDA:22,1,0,0
BRDA:22,1,1,4
BRDA:22,2,0,4
BRDA:22,2,1,0
BRDA:28,3,0,0
BRDA:28,3,1,0
BRDA:29,4,0,0
BRDA:29,4,1,0
BRDA:41,5,0,0
BRDA:41,5,1,4
BRDA:62,6,0,0
BRDA:62,6,1,4
BRDA:63,7,0,0
BRDA:63,7,1,0
BRDA:74,8,0,0
BRDA:74,8,1,4
BRDA:74,9,0,4
BRDA:74,9,1,0
BRDA:94,10,0,0
BRDA:94,10,1,0
BRDA:96,11,0,0
BRDA:96,11,1,0
BRDA:110,12,0,0
BRDA:110,12,1,0
BRDA:110,13,0,0
BRDA:110,13,1,0
BRDA:110,13,2,0
BRDA:110,13,3,0
BRF:29
BRH:6
end_of_record
TN:
SF:src\Game.js
FN:8,(anonymous_0)
FN:26,(anonymous_1)
FN:46,(anonymous_2)
FN:94,(anonymous_3)
FN:137,(anonymous_4)
FN:163,(anonymous_5)
FN:209,(anonymous_6)
FN:217,(anonymous_7)
FN:225,(anonymous_8)
FNF:9
FNH:9
FNDA:22,(anonymous_0)
FNDA:22,(anonymous_1)
FNDA:7,(anonymous_2)
FNDA:4,(anonymous_3)
FNDA:12,(anonymous_4)
FNDA:1,(anonymous_5)
FNDA:4,(anonymous_6)
FNDA:3,(anonymous_7)
FNDA:3,(anonymous_8)
DA:9,22
DA:10,22
DA:11,22
DA:13,22
DA:14,22
DA:15,22
DA:17,22
DA:18,22
DA:20,22
DA:27,22
DA:30,22
DA:31,22
DA:34,22
DA:35,22
DA:37,22
DA:38,22
DA:48,7
DA:49,7
DA:50,1
DA:54,6
DA:56,6
DA:57,1
DA:64,5
DA:65,0
DA:66,0
DA:67,0
DA:70,5
DA:74,5
DA:75,5
DA:76,1
DA:77,1
DA:80,5
DA:95,4
DA:97,4
DA:98,4
DA:101,4
DA:104,4
DA:105,0
DA:106,0
DA:107,0
DA:110,4
DA:113,4
DA:116,4
DA:117,4
DA:118,1
DA:119,1
DA:122,4
DA:138,12
DA:139,3
DA:145,9
DA:146,9
DA:148,9
DA:151,2
DA:157,7
DA:164,1
DA:165,1
DA:166,1
DA:169,1
DA:170,1
DA:171,5
DA:174,1
DA:175,1
DA:176,5
DA:179,1
DA:182,1
DA:183,1
DA:185,1
DA:186,5
DA:189,5
DA:190,25
DA:193,5
DA:196,5
DA:197,25
DA:200,5
DA:202,1
DA:210,4
DA:218,3
DA:226,3
LF:78
LH:72
BRDA:8,0,0,1
BRDA:8,1,0,1
BRDA:8,2,0,1
BRDA:49,3,0,1
BRDA:49,3,1,6
BRDA:56,4,0,1
BRDA:56,4,1,5
BRDA:64,5,0,0
BRDA:64,5,1,5
BRDA:66,6,0,0
BRDA:66,6,1,0
BRDA:75,7,0,1
BRDA:75,7,1,4
BRDA:104,8,0,0
BRDA:104,8,1,4
BRDA:106,9,0,0
BRDA:106,9,1,0
BRDA:117,10,0,1
BRDA:117,10,1,3
BRDA:138,11,0,3
BRDA:138,11,1,9
BRDA:138,12,0,12
BRDA:138,12,1,11
BRDA:148,13,0,2
BRDA:148,13,1,7
BRDA:148,14,0,9
BRDA:148,14,1,8
BRDA:148,14,2,8
BRDA:148,14,3,8
BRDA:148,14,4,7
BRDA:148,14,5,7
BRF:31
BRH:25
end_of_record
TN:
SF:src\Ship.js
FN:5,(anonymous_0)
FN:14,(anonymous_1)
FN:25,(anonymous_2)
FN:26,(anonymous_3)
FN:34,(anonymous_4)
FN:44,(anonymous_5)
FNF:6
FNH:6
FNDA:112,(anonymous_0)
FNDA:11,(anonymous_1)
FNDA:32,(anonymous_2)
FNDA:36,(anonymous_3)
FNDA:3,(anonymous_4)
FNDA:23,(anonymous_5)
DA:6,112
DA:7,112
DA:15,11
DA:16,11
DA:17,10
DA:26,36
DA:35,3
DA:36,3
DA:45,23
LF:9
LH:9
BRDA:16,0,0,10
BRDA:16,0,1,1
BRDA:36,1,0,3
BRDA:36,1,1,2
BRF:4
BRH:4
end_of_record
